#
# There is insufficient memory for the Java Runtime Environment to continue.
# Native memory allocation (malloc) failed to allocate 421920 bytes for Chunk::new
# Possible reasons:
#   The system is out of physical RAM or swap space
#   The process is running with CompressedOops enabled, and the Java Heap may be blocking the growth of the native heap
# Possible solutions:
#   Reduce memory load on the system
#   Increase physical memory or swap space
#   Check if swap backing store is full
#   Decrease Java heap size (-Xmx/-Xms)
#   Decrease number of Java threads
#   Decrease Java thread stack sizes (-Xss)
#   Set larger code cache with -XX:ReservedCodeCacheSize=
#   JVM is running with Unscaled Compressed Oops mode in which the Java heap is
#     placed in the first 4GB address space. The Java Heap base address is the
#     maximum limit for the native heap growth. Please use -XX:HeapBaseMinAddress
#     to set the Java Heap base and to place the Java Heap above 4GB virtual address.
# This output file may be truncated or incomplete.
#
#  Out of Memory Error (allocation.cpp:389), pid=7932, tid=0x0000000000001a78
#
# JRE version: OpenJDK Runtime Environment (8.0_202-b03) (build 1.8.0_202-release-1483-b03)
# Java VM: OpenJDK 64-Bit Server VM (25.202-b03 mixed mode windows-amd64 compressed oops)
# Failed to write core dump. Minidumps are not enabled by default on client versions of Windows
#

---------------  T H R E A D  ---------------

Current thread (0x0000000015ce9800):  JavaThread "C2 CompilerThread0" daemon [_thread_in_native, id=6776, stack(0x0000000017480000,0x0000000017580000)]

Stack: [0x0000000017480000,0x0000000017580000]
[error occurred during error reporting (printing stack bounds), id 0xc0000005]

Native frames: (J=compiled Java code, j=interpreted, Vv=VM code, C=native code)


Current CompileTask:
C2:  40187 2003       4       groovy.lang.MetaClassImpl$1MOPIter::methodNameAction (479 bytes)


---------------  P R O C E S S  ---------------

Java Threads: ( => current thread )
  0x0000000015cf3000 JavaThread "File lock request listener" [_thread_in_native, id=7496, stack(0x000000001d360000,0x000000001d460000)]
  0x0000000018014000 JavaThread "Stdin handler" [_thread_blocked, id=6068, stack(0x000000001b5c0000,0x000000001b6c0000)]
  0x0000000018013000 JavaThread "Asynchronous log dispatcher for org.gradle.launcher.daemon.server.DefaultDaemonConnection@9b2265f" [_thread_blocked, id=6688, stack(0x000000001b4c0000,0x000000001b5c0000)]
  0x00000000183df800 JavaThread "Daemon worker" [_thread_in_Java, id=8692, stack(0x000000001b3c0000,0x000000001b4c0000)]
  0x00000000183da800 JavaThread "Cancel handler" [_thread_blocked, id=1108, stack(0x000000001b2c0000,0x000000001b3c0000)]
  0x0000000018032000 JavaThread "Handler for socket connection from /127.0.0.1:50871 to /127.0.0.1:50872" [_thread_in_native, id=7292, stack(0x000000001b1c0000,0x000000001b2c0000)]
  0x0000000017fba000 JavaThread "Daemon" [_thread_blocked, id=5116, stack(0x000000001b0c0000,0x000000001b1c0000)]
  0x00000000179de800 JavaThread "pool-1-thread-1" [_thread_blocked, id=6260, stack(0x000000001afc0000,0x000000001b0c0000)]
  0x0000000018fac800 JavaThread "Incoming local TCP Connector on port 50871" [_thread_in_native, id=8468, stack(0x00000000198d0000,0x00000000199d0000)]
  0x00000000177af000 JavaThread "Service Thread" daemon [_thread_blocked, id=8224, stack(0x0000000017b80000,0x0000000017c80000)]
  0x0000000015cf0000 JavaThread "C1 CompilerThread2" daemon [_thread_blocked, id=6608, stack(0x0000000017680000,0x0000000017780000)]
  0x0000000015cef000 JavaThread "C2 CompilerThread1" daemon [_thread_blocked, id=3564, stack(0x0000000017580000,0x0000000017680000)]
=>0x0000000015ce9800 JavaThread "C2 CompilerThread0" daemon [_thread_in_native, id=6776, stack(0x0000000017480000,0x0000000017580000)]
  0x0000000015cf8000 JavaThread "Attach Listener" daemon [_thread_blocked, id=6440, stack(0x0000000017380000,0x0000000017480000)]
  0x0000000015cf6800 JavaThread "Signal Dispatcher" daemon [_thread_blocked, id=5400, stack(0x0000000017280000,0x0000000017380000)]
  0x000000000237b000 JavaThread "Finalizer" daemon [_thread_blocked, id=716, stack(0x0000000016f50000,0x0000000017050000)]
  0x0000000015cd9000 JavaThread "Reference Handler" daemon [_thread_blocked, id=8924, stack(0x0000000016e50000,0x0000000016f50000)]
  0x000000000227d800 JavaThread "main" [_thread_blocked, id=7816, stack(0x00000000020e0000,0x00000000021e0000)]

Other Threads:
  0x0000000015cb7000 VMThread [stack: 0x0000000016d50000,0x0000000016e50000] [id=8196]
  0x00000000177b9000 WatcherThread [stack: 0x0000000017c80000,0x0000000017d80000] [id=5908]

VM state:not at safepoint (normal execution)

VM Mutex/Monitor currently owned by a thread: None

heap address: 0x00000000a0000000, size: 1536 MB, Compressed Oops mode: 32-bit
Narrow klass base: 0x0000000000000000, Narrow klass shift: 3
Compressed class space size: 1073741824 Address: 0x0000000100000000

Heap:
 PSYoungGen      total 71680K, used 50476K [0x00000000e0000000, 0x00000000e4b00000, 0x0000000100000000)
  eden space 66560K, 75% used [0x00000000e0000000,0x00000000e314b350,0x00000000e4100000)
  from space 5120K, 0% used [0x00000000e4100000,0x00000000e4100000,0x00000000e4600000)
  to   space 5120K, 0% used [0x00000000e4600000,0x00000000e4600000,0x00000000e4b00000)
 ParOldGen       total 78336K, used 11595K [0x00000000a0000000, 0x00000000a4c80000, 0x00000000e0000000)
  object space 78336K, 14% used [0x00000000a0000000,0x00000000a0b52f58,0x00000000a4c80000)
 Metaspace       used 24914K, capacity 25328K, committed 25648K, reserved 1071104K
  class space    used 3397K, capacity 3532K, committed 3632K, reserved 1048576K

Card table byte_map: [0x0000000011740000,0x0000000011a50000] byte_map_base: 0x0000000011240000

Marking Bits: (ParMarkBitMap*) 0x000000005e989f30
 Begin Bits: [0x0000000012050000, 0x0000000013850000)
 End Bits:   [0x0000000013850000, 0x0000000015050000)

Polling page: 0x0000000000840000

CodeCache: size=245760Kb used=7555Kb max_used=7563Kb free=238204Kb
 bounds [0x0000000002380000, 0x0000000002af0000, 0x0000000011380000]
 total_blobs=2512 nmethods=1883 adapters=542
 compilation: enabled

Compilation events (10 events):
Event: 39.892 Thread 0x0000000015cf0000 2016       3       org.objectweb.asm.MethodWriter::a (854 bytes)
Event: 39.898 Thread 0x0000000015cf0000 nmethod 2016 0x0000000002ae0050 code [0x0000000002ae04c0, 0x0000000002ae28a8]
Event: 39.916 Thread 0x0000000015cef000 2017   !   4       java.util.concurrent.ConcurrentHashMap::putVal (362 bytes)
Event: 39.944 Thread 0x0000000015cef000 nmethod 2017 0x0000000002ae7490 code [0x0000000002ae7640, 0x0000000002ae8270]
Event: 40.142 Thread 0x0000000015cf0000 2018       3       org.gradle.internal.logging.slf4j.OutputEventListenerBackedLogger::isLevelAtMost (20 bytes)
Event: 40.142 Thread 0x0000000015cf0000 nmethod 2018 0x0000000002ae6d10 code [0x0000000002ae6ea0, 0x0000000002ae7308]
Event: 40.142 Thread 0x0000000015cf0000 2019  s    3       java.util.Stack::peek (25 bytes)
Event: 40.143 Thread 0x0000000015cf0000 nmethod 2019 0x0000000002ae63d0 code [0x0000000002ae6560, 0x0000000002ae6b98]
Event: 40.143 Thread 0x0000000015cf0000 2020       3       java.util.regex.Matcher::find (69 bytes)
Event: 40.143 Thread 0x0000000015cf0000 nmethod 2020 0x0000000002ae5dd0 code [0x0000000002ae5f40, 0x0000000002ae62e8]

GC Heap History (8 events):
Event: 4.515 GC heap before
{Heap before GC invocations=1 (full 0):
 PSYoungGen      total 38400K, used 33280K [0x00000000e0000000, 0x00000000e2a80000, 0x0000000100000000)
  eden space 33280K, 100% used [0x00000000e0000000,0x00000000e2080000,0x00000000e2080000)
  from space 5120K, 0% used [0x00000000e2580000,0x00000000e2580000,0x00000000e2a80000)
  to   space 5120K, 0% used [0x00000000e2080000,0x00000000e2080000,0x00000000e2580000)
 ParOldGen       total 87552K, used 0K [0x00000000a0000000, 0x00000000a5580000, 0x00000000e0000000)
  object space 87552K, 0% used [0x00000000a0000000,0x00000000a0000000,0x00000000a5580000)
 Metaspace       used 5901K, capacity 6320K, committed 6528K, reserved 1056768K
  class space    used 737K, capacity 832K, committed 896K, reserved 1048576K
Event: 4.645 GC heap after
Heap after GC invocations=1 (full 0):
 PSYoungGen      total 38400K, used 3854K [0x00000000e0000000, 0x00000000e4b00000, 0x0000000100000000)
  eden space 33280K, 0% used [0x00000000e0000000,0x00000000e0000000,0x00000000e2080000)
  from space 5120K, 75% used [0x00000000e2080000,0x00000000e24439c8,0x00000000e2580000)
  to   space 5120K, 0% used [0x00000000e4600000,0x00000000e4600000,0x00000000e4b00000)
 ParOldGen       total 87552K, used 8K [0x00000000a0000000, 0x00000000a5580000, 0x00000000e0000000)
  object space 87552K, 0% used [0x00000000a0000000,0x00000000a0002000,0x00000000a5580000)
 Metaspace       used 5901K, capacity 6320K, committed 6528K, reserved 1056768K
  class space    used 737K, capacity 832K, committed 896K, reserved 1048576K
}
Event: 9.298 GC heap before
{Heap before GC invocations=2 (full 0):
 PSYoungGen      total 38400K, used 37134K [0x00000000e0000000, 0x00000000e4b00000, 0x0000000100000000)
  eden space 33280K, 100% used [0x00000000e0000000,0x00000000e2080000,0x00000000e2080000)
  from space 5120K, 75% used [0x00000000e2080000,0x00000000e24439c8,0x00000000e2580000)
  to   space 5120K, 0% used [0x00000000e4600000,0x00000000e4600000,0x00000000e4b00000)
 ParOldGen       total 87552K, used 8K [0x00000000a0000000, 0x00000000a5580000, 0x00000000e0000000)
  object space 87552K, 0% used [0x00000000a0000000,0x00000000a0002000,0x00000000a5580000)
 Metaspace       used 12320K, capacity 12704K, committed 12800K, reserved 1060864K
  class space    used 1645K, capacity 1748K, committed 1792K, reserved 1048576K
Event: 9.319 GC heap after
Heap after GC invocations=2 (full 0):
 PSYoungGen      total 71680K, used 5105K [0x00000000e0000000, 0x00000000e4b00000, 0x0000000100000000)
  eden space 66560K, 0% used [0x00000000e0000000,0x00000000e0000000,0x00000000e4100000)
  from space 5120K, 99% used [0x00000000e4600000,0x00000000e4afc5a0,0x00000000e4b00000)
  to   space 5120K, 0% used [0x00000000e4100000,0x00000000e4100000,0x00000000e4600000)
 ParOldGen       total 87552K, used 843K [0x00000000a0000000, 0x00000000a5580000, 0x00000000e0000000)
  object space 87552K, 0% used [0x00000000a0000000,0x00000000a00d2c88,0x00000000a5580000)
 Metaspace       used 12320K, capacity 12704K, committed 12800K, reserved 1060864K
  class space    used 1645K, capacity 1748K, committed 1792K, reserved 1048576K
}
Event: 20.664 GC heap before
{Heap before GC invocations=3 (full 0):
 PSYoungGen      total 71680K, used 61301K [0x00000000e0000000, 0x00000000e4b00000, 0x0000000100000000)
  eden space 66560K, 84% used [0x00000000e0000000,0x00000000e36e1250,0x00000000e4100000)
  from space 5120K, 99% used [0x00000000e4600000,0x00000000e4afc5a0,0x00000000e4b00000)
  to   space 5120K, 0% used [0x00000000e4100000,0x00000000e4100000,0x00000000e4600000)
 ParOldGen       total 87552K, used 843K [0x00000000a0000000, 0x00000000a5580000, 0x00000000e0000000)
  object space 87552K, 0% used [0x00000000a0000000,0x00000000a00d2c88,0x00000000a5580000)
 Metaspace       used 20818K, capacity 21148K, committed 21296K, reserved 1067008K
  class space    used 2736K, capacity 2847K, committed 2864K, reserved 1048576K
Event: 20.822 GC heap after
Heap after GC invocations=3 (full 0):
 PSYoungGen      total 71680K, used 5120K [0x00000000e0000000, 0x00000000e4b00000, 0x0000000100000000)
  eden space 66560K, 0% used [0x00000000e0000000,0x00000000e0000000,0x00000000e4100000)
  from space 5120K, 100% used [0x00000000e4100000,0x00000000e4600000,0x00000000e4600000)
  to   space 5120K, 0% used [0x00000000e4600000,0x00000000e4600000,0x00000000e4b00000)
 ParOldGen       total 87552K, used 7709K [0x00000000a0000000, 0x00000000a5580000, 0x00000000e0000000)
  object space 87552K, 8% used [0x00000000a0000000,0x00000000a07876d8,0x00000000a5580000)
 Metaspace       used 20818K, capacity 21148K, committed 21296K, reserved 1067008K
  class space    used 2736K, capacity 2847K, committed 2864K, reserved 1048576K
}
Event: 20.822 GC heap before
{Heap before GC invocations=4 (full 1):
 PSYoungGen      total 71680K, used 5120K [0x00000000e0000000, 0x00000000e4b00000, 0x0000000100000000)
  eden space 66560K, 0% used [0x00000000e0000000,0x00000000e0000000,0x00000000e4100000)
  from space 5120K, 100% used [0x00000000e4100000,0x00000000e4600000,0x00000000e4600000)
  to   space 5120K, 0% used [0x00000000e4600000,0x00000000e4600000,0x00000000e4b00000)
 ParOldGen       total 87552K, used 7709K [0x00000000a0000000, 0x00000000a5580000, 0x00000000e0000000)
  object space 87552K, 8% used [0x00000000a0000000,0x00000000a07876d8,0x00000000a5580000)
 Metaspace       used 20818K, capacity 21148K, committed 21296K, reserved 1067008K
  class space    used 2736K, capacity 2847K, committed 2864K, reserved 1048576K
Event: 21.783 GC heap after
Heap after GC invocations=4 (full 1):
 PSYoungGen      total 71680K, used 0K [0x00000000e0000000, 0x00000000e4b00000, 0x0000000100000000)
  eden space 66560K, 0% used [0x00000000e0000000,0x00000000e0000000,0x00000000e4100000)
  from space 5120K, 0% used [0x00000000e4100000,0x00000000e4100000,0x00000000e4600000)
  to   space 5120K, 0% used [0x00000000e4600000,0x00000000e4600000,0x00000000e4b00000)
 ParOldGen       total 78336K, used 11595K [0x00000000a0000000, 0x00000000a4c80000, 0x00000000e0000000)
  object space 78336K, 14% used [0x00000000a0000000,0x00000000a0b52f58,0x00000000a4c80000)
 Metaspace       used 20818K, capacity 21148K, committed 21296K, reserved 1067008K
  class space    used 2736K, capacity 2847K, committed 2864K, reserved 1048576K
}

Deoptimization events (10 events):
Event: 20.297 Thread 0x00000000183df800 Uncommon trap: reason=unstable_if action=reinterpret pc=0x0000000002672af0 method=java.util.HashMap.hash(Ljava/lang/Object;)I @ 1
Event: 20.297 Thread 0x00000000183df800 Uncommon trap: reason=unstable_if action=reinterpret pc=0x00000000027afdc8 method=java.util.HashMap.putVal(ILjava/lang/Object;Ljava/lang/Object;ZZ)Ljava/lang/Object; @ 85
Event: 20.485 Thread 0x00000000183df800 Uncommon trap: reason=class_check action=maybe_recompile pc=0x0000000002818380 method=java.lang.reflect.Method.equals(Ljava/lang/Object;)Z @ 5
Event: 20.521 Thread 0x00000000183df800 Uncommon trap: reason=class_check action=maybe_recompile pc=0x0000000002818380 method=java.lang.reflect.Method.equals(Ljava/lang/Object;)Z @ 5
Event: 22.679 Thread 0x00000000183df800 Uncommon trap: reason=unstable_if action=reinterpret pc=0x000000000269d4f0 method=java.util.LinkedHashMap.afterNodeInsertion(Z)V @ 1
Event: 22.729 Thread 0x00000000183df800 Uncommon trap: reason=class_check action=maybe_recompile pc=0x0000000002818380 method=java.lang.reflect.Method.equals(Ljava/lang/Object;)Z @ 5
Event: 22.729 Thread 0x00000000183df800 Uncommon trap: reason=class_check action=maybe_recompile pc=0x0000000002818380 method=java.lang.reflect.Method.equals(Ljava/lang/Object;)Z @ 5
Event: 24.697 Thread 0x00000000183df800 Uncommon trap: reason=class_check action=maybe_recompile pc=0x0000000002717054 method=sun.misc.URLClassPath.getLoader(I)Lsun/misc/URLClassPath$Loader; @ 94
Event: 24.706 Thread 0x00000000183df800 Uncommon trap: reason=class_check action=maybe_recompile pc=0x000000000270d6f8 method=sun.misc.URLClassPath.getLoader(I)Lsun/misc/URLClassPath$Loader; @ 239
Event: 38.104 Thread 0x00000000183df800 Uncommon trap: reason=unstable_if action=reinterpret pc=0x00000000025e17cc method=java.io.WinNTFileSystem.resolve(Ljava/lang/String;Ljava/lang/String;)Ljava/lang/String; @ 49

Classes redefined (0 events):
No events

Internal exceptions (10 events):
Event: 38.238 Thread 0x00000000183df800 Exception <a 'java/lang/ClassNotFoundException': org/gradle/api/internal/DefaultDomainObjectCollectionCustomizer> (0x00000000e18bece8) thrown at [D:\src\AOSP-openjdk-cygwin\jdk8u\hotspot\src\share\vm\classfile\systemDictionary.cpp, line 210]
Event: 38.251 Thread 0x00000000183df800 Exception <a 'java/lang/ClassNotFoundException': org/gradle/api/internal/DefaultNamedDomainObjectCollectionCustomizer> (0x00000000e190aa20) thrown at [D:\src\AOSP-openjdk-cygwin\jdk8u\hotspot\src\share\vm\classfile\systemDictionary.cpp, line 210]
Event: 38.269 Thread 0x00000000183df800 Exception <a 'java/lang/ClassNotFoundException': org/gradle/api/internal/DefaultNamedDomainObjectListCustomizer> (0x00000000e1955c40) thrown at [D:\src\AOSP-openjdk-cygwin\jdk8u\hotspot\src\share\vm\classfile\systemDictionary.cpp, line 210]
Event: 38.274 Thread 0x00000000183df800 Exception <a 'java/lang/ClassNotFoundException': org/gradle/api/internal/artifacts/DefaultArtifactRepositoryContainerCustomizer> (0x00000000e19a4030) thrown at [D:\src\AOSP-openjdk-cygwin\jdk8u\hotspot\src\share\vm\classfile\systemDictionary.cpp, line 210
Event: 38.303 Thread 0x00000000183df800 Exception <a 'java/lang/ClassNotFoundException': org/gradle/api/internal/artifacts/dsl/DefaultRepositoryHandlerCustomizer> (0x00000000e19e4888) thrown at [D:\src\AOSP-openjdk-cygwin\jdk8u\hotspot\src\share\vm\classfile\systemDictionary.cpp, line 210]
Event: 38.320 Thread 0x00000000183df800 Exception <a 'java/lang/ClassNotFoundException': org/gradle/api/internal/artifacts/dsl/DefaultRepositoryHandler_DecoratedCustomizer> (0x00000000e1a2be58) thrown at [D:\src\AOSP-openjdk-cygwin\jdk8u\hotspot\src\share\vm\classfile\systemDictionary.cpp, line
Event: 39.859 Thread 0x00000000183df800 Exception <a 'java/lang/ClassNotFoundException': org/gradle/api/internal/artifacts/dsl/dependencies/DefaultDependencyHandler_DecoratedBeanInfo> (0x00000000e2632f20) thrown at [D:\src\AOSP-openjdk-cygwin\jdk8u\hotspot\src\share\vm\classfile\systemDictionar
Event: 39.860 Thread 0x00000000183df800 Exception <a 'java/lang/ClassNotFoundException': org/gradle/api/internal/artifacts/dsl/dependencies/DefaultDependencyHandlerBeanInfo> (0x00000000e265d2a0) thrown at [D:\src\AOSP-openjdk-cygwin\jdk8u\hotspot\src\share\vm\classfile\systemDictionary.cpp, lin
Event: 39.866 Thread 0x00000000183df800 Exception <a 'java/lang/ClassNotFoundException': org/gradle/api/internal/artifacts/dsl/dependencies/DefaultDependencyHandlerCustomizer> (0x00000000e2687c48) thrown at [D:\src\AOSP-openjdk-cygwin\jdk8u\hotspot\src\share\vm\classfile\systemDictionary.cpp, l
Event: 39.868 Thread 0x00000000183df800 Exception <a 'java/lang/ClassNotFoundException': org/gradle/api/internal/artifacts/dsl/dependencies/DefaultDependencyHandler_DecoratedCustomizer> (0x00000000e26c63b8) thrown at [D:\src\AOSP-openjdk-cygwin\jdk8u\hotspot\src\share\vm\classfile\systemDiction

Events (10 events):
Event: 40.173 loading class org/apache/ivy/core/event/publish/StartArtifactPublishEvent
Event: 40.173 loading class org/apache/ivy/core/event/publish/StartArtifactPublishEvent done
Event: 40.173 loading class org/apache/ivy/core/event/publish/PublishEvent
Event: 40.173 loading class org/apache/ivy/core/event/publish/PublishEvent done
Event: 40.174 loading class org/apache/ivy/core/event/publish/EndArtifactPublishEvent
Event: 40.174 loading class org/apache/ivy/core/event/publish/EndArtifactPublishEvent done
Event: 40.175 loading class org/apache/ivy/core/install/InstallEngine
Event: 40.175 loading class org/apache/ivy/core/install/InstallEngine done
Event: 40.177 loading class org/apache/ivy/core/repository/RepositoryManagementEngine
Event: 40.177 loading class org/apache/ivy/core/repository/RepositoryManagementEngine done


Dynamic libraries:
0x00007ff7fbe70000 - 0x00007ff7fbea1000 	C:\Program Files\Android\Android Studio\jre\bin\java.exe
0x00007ffbe8920000 - 0x00007ffbe8ac9000 	C:\Windows\SYSTEM32\ntdll.dll
0x00007ffbe7630000 - 0x00007ffbe7769000 	C:\Windows\system32\KERNEL32.DLL
0x00007ffbe5e20000 - 0x00007ffbe5f2e000 	C:\Windows\system32\KERNELBASE.dll
0x00007ffbe8410000 - 0x00007ffbe84b5000 	C:\Windows\system32\ADVAPI32.dll
0x00007ffbe7c80000 - 0x00007ffbe7df1000 	C:\Windows\system32\USER32.dll
0x00007ffbe37a0000 - 0x00007ffbe39fa000 	C:\Windows\WinSxS\amd64_microsoft.windows.common-controls_6595b64144ccf1df_6.0.9600.16384_none_62475f7becb72503\COMCTL32.dll
0x00007ffbe8570000 - 0x00007ffbe8617000 	C:\Windows\system32\msvcrt.dll
0x00007ffbe86e0000 - 0x00007ffbe8737000 	C:\Windows\SYSTEM32\sechost.dll
0x00007ffbe7b40000 - 0x00007ffbe7c76000 	C:\Windows\system32\RPCRT4.dll
0x00007ffbe8150000 - 0x00007ffbe8295000 	C:\Windows\system32\GDI32.dll
0x00007ffbe7b00000 - 0x00007ffbe7b34000 	C:\Windows\system32\IMM32.DLL
0x00007ffbe7fb0000 - 0x00007ffbe80e8000 	C:\Windows\system32\MSCTF.dll
0x000000005e020000 - 0x000000005e0f2000 	C:\Program Files\Android\Android Studio\jre\jre\bin\msvcr100.dll
0x000000005e1c0000 - 0x000000005ea06000 	C:\Program Files\Android\Android Studio\jre\jre\bin\server\jvm.dll
0x00007ffbe2970000 - 0x00007ffbe2979000 	C:\Windows\SYSTEM32\WSOCK32.dll
0x00007ffbe00b0000 - 0x00007ffbe00cf000 	C:\Windows\SYSTEM32\WINMM.dll
0x00007ffbe1350000 - 0x00007ffbe135a000 	C:\Windows\SYSTEM32\VERSION.dll
0x00007ffbe7ad0000 - 0x00007ffbe7ad7000 	C:\Windows\system32\PSAPI.DLL
0x00007ffbe8680000 - 0x00007ffbe86d8000 	C:\Windows\system32\WS2_32.dll
0x00007ffbe0080000 - 0x00007ffbe00aa000 	C:\Windows\SYSTEM32\WINMMBASE.dll
0x00007ffbe7620000 - 0x00007ffbe7629000 	C:\Windows\system32\NSI.dll
0x00007ffbe6160000 - 0x00007ffbe61aa000 	C:\Windows\SYSTEM32\cfgmgr32.dll
0x00007ffbe4b50000 - 0x00007ffbe4b76000 	C:\Windows\SYSTEM32\DEVOBJ.dll
0x00007ffbe3ce0000 - 0x00007ffbe3cef000 	C:\Program Files\Android\Android Studio\jre\jre\bin\verify.dll
0x00007ffbc3950000 - 0x00007ffbc3979000 	C:\Program Files\Android\Android Studio\jre\jre\bin\java.dll
0x00007ffbc39f0000 - 0x00007ffbc3a06000 	C:\Program Files\Android\Android Studio\jre\jre\bin\zip.dll
0x00007ffbe6210000 - 0x00007ffbe7620000 	C:\Windows\system32\SHELL32.dll
0x00007ffbe7770000 - 0x00007ffbe7947000 	C:\Windows\SYSTEM32\combase.dll
0x00007ffbe8620000 - 0x00007ffbe8671000 	C:\Windows\system32\SHLWAPI.dll
0x00007ffbe43c0000 - 0x00007ffbe4461000 	C:\Windows\SYSTEM32\SHCORE.dll
0x00007ffbe5ca0000 - 0x00007ffbe5cb4000 	C:\Windows\SYSTEM32\profapi.dll
0x00007ffbc3930000 - 0x00007ffbc394a000 	C:\Program Files\Android\Android Studio\jre\jre\bin\net.dll
0x00007ffbe54f0000 - 0x00007ffbe5548000 	C:\Windows\system32\mswsock.dll
0x00007ffbc3910000 - 0x00007ffbc3921000 	C:\Program Files\Android\Android Studio\jre\jre\bin\nio.dll
0x00007ffbd0ee0000 - 0x00007ffbd0ef2000 	C:\Users\edison office\.gradle\native\19\windows-amd64\native-platform.dll
0x00007ffbe5550000 - 0x00007ffbe556e000 	C:\Windows\SYSTEM32\CRYPTSP.dll
0x00007ffbe50c0000 - 0x00007ffbe50f5000 	C:\Windows\system32\rsaenh.dll
0x00007ffbe5750000 - 0x00007ffbe5776000 	C:\Windows\SYSTEM32\bcrypt.dll
0x00007ffbe5280000 - 0x00007ffbe529f000 	C:\Windows\SYSTEM32\USERENV.dll
0x00007ffbe5ab0000 - 0x00007ffbe5b0e000 	C:\Windows\system32\bcryptprimitives.dll
0x00007ffbe5b10000 - 0x00007ffbe5b1a000 	C:\Windows\SYSTEM32\CRYPTBASE.dll
0x00007ffbe0c50000 - 0x00007ffbe0c79000 	C:\Windows\SYSTEM32\IPHLPAPI.DLL
0x00007ffbe0c40000 - 0x00007ffbe0c4a000 	C:\Windows\SYSTEM32\WINNSI.DLL
0x00007ffbe0020000 - 0x00007ffbe0034000 	C:\Windows\SYSTEM32\dhcpcsvc6.DLL
0x00007ffbdff80000 - 0x00007ffbdff99000 	C:\Windows\SYSTEM32\dhcpcsvc.DLL
0x00007ffbd7d50000 - 0x00007ffbd7d5d000 	C:\Program Files\Android\Android Studio\jre\jre\bin\management.dll

VM Arguments:
jvm_args: -Xmx1536m -Dfile.encoding=windows-1252 -Duser.country=US -Duser.language=en -Duser.variant 
java_command: org.gradle.launcher.daemon.bootstrap.GradleDaemon 2.14.1
java_class_path (initial): C:\Users\edison office\.gradle\wrapper\dists\gradle-2.14.1-all\8bnwg5hd3w55iofp58khbp6yv\gradle-2.14.1\lib\gradle-launcher-2.14.1.jar
Launcher Type: SUN_STANDARD

Environment Variables:
CLASSPATH=.
PATH=C:\ProgramData\Oracle\Java\javapath;c:\Program Files (x86)\Intel\iCLS Client\;c:\Program Files\Intel\iCLS Client\;C:\Windows\system32;C:\Windows;C:\Windows\System32\Wbem;C:\Windows\System32\WindowsPowerShell\v1.0\;C:\Program Files\Intel\Intel(R) Management Engine Components\DAL;C:\Program Files\Intel\Intel(R) Management Engine Components\IPT;C:\Program Files (x86)\Intel\Intel(R) Management Engine Components\DAL;C:\Program Files (x86)\Intel\Intel(R) Management Engine Components\IPT;C:\Program Files (x86)\Windows Live\Shared;C:\Program Files\ibm\gsk8\lib64;C:\Program Files (x86)\ibm\gsk8\lib;C:\Program Files\Git\cmd;C:\Users\edison office\AppData\Local\Programs\Python\Python37
USERNAME=edison office
OS=Windows_NT
PROCESSOR_IDENTIFIER=Intel64 Family 6 Model 69 Stepping 1, GenuineIntel



---------------  S Y S T E M  ---------------

OS: Windows 8.1 , 64 bit Build 9600 (6.3.9600.16656)

CPU:total 4 (initial active 4) (2 cores per cpu, 2 threads per core) family 6 model 69 stepping 1, cmov, cx8, fxsr, mmx, sse, sse2, sse3, ssse3, sse4.1, sse4.2, popcnt, avx, avx2, aes, clmul, erms, lzcnt, ht, tsc, tscinvbit, bmi1, bmi2

Memory: 4k page, physical 8266708k(1348968k free), swap 31884984k(5384k free)

vm_info: OpenJDK 64-Bit Server VM (25.202-b03) for windows-amd64 JRE (1.8.0_202-release-1483-b03), built by "builder" with MS VC++ 10.0 (VS2010)

time: Thu Nov 14 16:39:41 2019
timezone: India Standard Time
elapsed time: 40 seconds (0d 0h 0m 40s)

